  main.cpp
D:\Users\ErrorOrError\source\repos\C++3\Project3\main.cpp(18,9): warning C4477: 'printf' : 서식 문자열 '%d'에 'int' 형식의 인수가 필요하지만 variadic 인수 1의 형식이 'int *'입니다.
D:\Users\ErrorOrError\source\repos\C++3\Project3\main.cpp(18,9): warning C4313: 'printf': 서식 문자열의 '%d'이(가) int *' 형식의 인수 1과(와) 충돌합니다.
D:\Users\ErrorOrError\source\repos\C++3\Project3\main.cpp(19,9): warning C4477: 'printf' : 서식 문자열 '%d'에 'int' 형식의 인수가 필요하지만 variadic 인수 1의 형식이 'size_t'입니다.
D:\Users\ErrorOrError\source\repos\C++3\Project3\main.cpp(19,9): message : 서식 문자열에서 '%zd'을(를) 사용하는 것이 좋습니다.
D:\Users\ErrorOrError\source\repos\C++3\Project3\main.cpp(23,9): warning C4477: 'printf' : 서식 문자열 '%d'에 'int' 형식의 인수가 필요하지만 variadic 인수 1의 형식이 'short *'입니다.
D:\Users\ErrorOrError\source\repos\C++3\Project3\main.cpp(23,9): warning C4313: 'printf': 서식 문자열의 '%d'이(가) short *' 형식의 인수 1과(와) 충돌합니다.
D:\Users\ErrorOrError\source\repos\C++3\Project3\main.cpp(24,9): warning C4477: 'printf' : 서식 문자열 '%d'에 'int' 형식의 인수가 필요하지만 variadic 인수 1의 형식이 'size_t'입니다.
D:\Users\ErrorOrError\source\repos\C++3\Project3\main.cpp(24,9): message : 서식 문자열에서 '%zd'을(를) 사용하는 것이 좋습니다.
D:\Users\ErrorOrError\source\repos\C++3\Project3\main.cpp(29,9): warning C4477: 'printf' : 서식 문자열 '%d'에 'int' 형식의 인수가 필요하지만 variadic 인수 1의 형식이 'int *'입니다.
D:\Users\ErrorOrError\source\repos\C++3\Project3\main.cpp(29,9): warning C4313: 'printf': 서식 문자열의 '%d'이(가) int *' 형식의 인수 1과(와) 충돌합니다.
D:\Users\ErrorOrError\source\repos\C++3\Project3\main.cpp(30,9): warning C4477: 'printf' : 서식 문자열 '%d'에 'int' 형식의 인수가 필요하지만 variadic 인수 1의 형식이 'size_t'입니다.
D:\Users\ErrorOrError\source\repos\C++3\Project3\main.cpp(30,9): message : 서식 문자열에서 '%zd'을(를) 사용하는 것이 좋습니다.
D:\Users\ErrorOrError\source\repos\C++3\Project3\main.cpp(34,9): warning C4477: 'printf' : 서식 문자열 '%d'에 'int' 형식의 인수가 필요하지만 variadic 인수 1의 형식이 'short *'입니다.
D:\Users\ErrorOrError\source\repos\C++3\Project3\main.cpp(34,9): warning C4313: 'printf': 서식 문자열의 '%d'이(가) short *' 형식의 인수 1과(와) 충돌합니다.
D:\Users\ErrorOrError\source\repos\C++3\Project3\main.cpp(35,9): warning C4477: 'printf' : 서식 문자열 '%d'에 'int' 형식의 인수가 필요하지만 variadic 인수 1의 형식이 'size_t'입니다.
D:\Users\ErrorOrError\source\repos\C++3\Project3\main.cpp(35,9): message : 서식 문자열에서 '%zd'을(를) 사용하는 것이 좋습니다.
D:\Users\ErrorOrError\source\repos\C++3\Project3\main.cpp(39,9): warning C4477: 'printf' : 서식 문자열 '%d'에 'int' 형식의 인수가 필요하지만 variadic 인수 1의 형식이 'int *'입니다.
D:\Users\ErrorOrError\source\repos\C++3\Project3\main.cpp(39,9): warning C4313: 'printf': 서식 문자열의 '%d'이(가) int *' 형식의 인수 1과(와) 충돌합니다.
D:\Users\ErrorOrError\source\repos\C++3\Project3\main.cpp(40,9): warning C4477: 'printf' : 서식 문자열 '%d'에 'int' 형식의 인수가 필요하지만 variadic 인수 1의 형식이 'size_t'입니다.
D:\Users\ErrorOrError\source\repos\C++3\Project3\main.cpp(40,9): message : 서식 문자열에서 '%zd'을(를) 사용하는 것이 좋습니다.
D:\Users\ErrorOrError\source\repos\C++3\Project3\main.cpp(44,9): warning C4477: 'printf' : 서식 문자열 '%d'에 'int' 형식의 인수가 필요하지만 variadic 인수 1의 형식이 'short *'입니다.
D:\Users\ErrorOrError\source\repos\C++3\Project3\main.cpp(44,9): warning C4313: 'printf': 서식 문자열의 '%d'이(가) short *' 형식의 인수 1과(와) 충돌합니다.
D:\Users\ErrorOrError\source\repos\C++3\Project3\main.cpp(45,9): warning C4477: 'printf' : 서식 문자열 '%d'에 'int' 형식의 인수가 필요하지만 variadic 인수 1의 형식이 'size_t'입니다.
D:\Users\ErrorOrError\source\repos\C++3\Project3\main.cpp(45,9): message : 서식 문자열에서 '%zd'을(를) 사용하는 것이 좋습니다.
  Project3.vcxproj -> D:\Users\ErrorOrError\source\repos\C++3\x64\Debug\Project3.exe
